TN:
SF:src/controllers/chatController.js
FN:5,ChatController
FN:10,chat
FN:41,searchSchools
FNF:3
FNH:3
FNDA:1,ChatController
FNDA:3,chat
FNDA:2,searchSchools
DA:1,1
DA:2,1
DA:3,1
DA:4,1
DA:5,1
DA:6,1
DA:7,1
DA:8,1
DA:9,1
DA:10,1
DA:11,3
DA:12,3
DA:13,3
DA:14,3
DA:15,1
DA:16,1
DA:17,1
DA:18,1
DA:19,2
DA:20,2
DA:21,1
DA:22,1
DA:23,1
DA:24,1
DA:25,1
DA:26,1
DA:27,1
DA:28,1
DA:29,1
DA:30,1
DA:31,1
DA:32,1
DA:33,1
DA:34,1
DA:35,1
DA:36,1
DA:37,1
DA:38,1
DA:39,3
DA:40,1
DA:41,1
DA:42,2
DA:43,2
DA:44,2
DA:45,2
DA:46,2
DA:47,1
DA:48,1
DA:49,1
DA:50,1
DA:51,1
DA:52,1
DA:53,1
DA:54,1
DA:55,1
DA:56,1
DA:57,1
DA:58,1
DA:59,1
DA:60,2
DA:61,1
DA:62,1
DA:63,1
LF:63
LH:63
BRDA:1,0,0,1
BRDA:5,1,0,1
BRDA:10,2,0,3
BRDA:14,3,0,1
BRDA:19,4,0,2
BRDA:21,5,0,1
BRDA:41,6,0,2
BRDA:47,7,0,1
BRF:8
BRH:8
end_of_record
TN:
SF:src/services/dataProcessor.js
FN:5,CensoDataProcessor
FN:9,loadCensoData
FN:23,transformSchoolData
FN:45,createSchoolDocument
FN:68,getAdminType
FNF:5
FNH:4
FNDA:8,CensoDataProcessor
FNDA:0,loadCensoData
FNDA:1,transformSchoolData
FNDA:3,createSchoolDocument
FNDA:10,getAdminType
DA:1,1
DA:2,1
DA:3,1
DA:4,1
DA:5,1
DA:6,8
DA:7,8
DA:8,1
DA:9,1
DA:10,0
DA:11,0
DA:12,0
DA:13,0
DA:14,0
DA:15,0
DA:16,0
DA:17,0
DA:18,0
DA:19,0
DA:20,0
DA:21,0
DA:22,1
DA:23,1
DA:24,1
DA:25,1
DA:26,1
DA:27,1
DA:28,1
DA:29,1
DA:30,1
DA:31,1
DA:32,1
DA:33,1
DA:34,1
DA:35,1
DA:36,1
DA:37,1
DA:38,1
DA:39,1
DA:40,1
DA:41,1
DA:42,1
DA:43,1
DA:44,1
DA:45,1
DA:46,3
DA:47,3
DA:48,3
DA:49,3
DA:50,3
DA:51,3
DA:52,3
DA:53,3
DA:54,3
DA:55,3
DA:56,3
DA:57,3
DA:58,3
DA:59,3
DA:60,3
DA:61,3
DA:62,3
DA:63,3
DA:64,3
DA:65,3
DA:66,3
DA:67,1
DA:68,1
DA:69,10
DA:70,10
DA:71,10
DA:72,10
DA:73,10
DA:74,10
DA:75,10
DA:76,10
DA:77,1
DA:78,1
DA:79,1
LF:79
LH:67
BRDA:1,0,0,1
BRDA:5,1,0,8
BRDA:23,2,0,1
BRDA:45,3,0,3
BRDA:53,4,0,1
BRDA:54,5,0,1
BRDA:55,6,0,1
BRDA:58,7,0,1
BRDA:59,8,0,2
BRDA:59,9,0,1
BRDA:60,10,0,0
BRDA:68,11,0,10
BRDA:75,12,0,3
BRF:13
BRH:12
end_of_record
