TN:
SF:src/services/bigQueryServices.js
FN:10,BigQueryService
FN:17,getDadosEscolas
FN:39,buildCompleteQuery
FN:64,buildWhereConditions
FN:105,getTableName
FN:128,processarEscolaCompleta
FN:152,extrairIdentificacao
FN:168,extrairLocalizacaoCompleta
FN:200,extrairInfraestruturaCompleta
FN:226,extrairTecnologiaCompleta
FN:247,extrairRecursosHumanosCompleto
FN:276,extrairOfertaEducacionalCompleta
FN:302,extrairMatriculasCompletas
FN:327,extrairDocentesCompletos
FN:339,extrairTurmasCompletas
FN:351,criarResumoCompletoParaRAG
FN:409,mapearTipoDependencia
FN:416,mapearCategoriaPrivada
FN:423,mapearLocalizacao
FN:430,mapearLocalizacaoDiferenciada
FN:437,mapearSituacaoFuncionamento
FN:444,extrairCaracteristicasPrincipais
FN:468,extrairRecursosPedagogicosCompleto
FN:503,extrairAcessibilidadeCompleta
FN:537,extrairSaneamentoCompleto
FN:580,extrairGestaoCompleta
FN:612,mapearFonteAgua
FN:623,mapearFonteEnergia
FN:633,mapearDestinoEsgoto
FN:643,mapearDestinoLixo
FN:654,mapearTratamentoAgua
FN:663,mapearComposicaoConselho
FN:674,mapearTipoGestao
FN:684,mapearTipoAlimentacao
FN:694,mapearTipoTransporte
FN:706,runCustomQuery
FN:731,getSchemaSummary
FN:763,query
FN:780,getDadosEscolasFallback
FNF:39
FNH:37
FNDA:32,BigQueryService
FNDA:4,getDadosEscolas
FNDA:5,buildCompleteQuery
FNDA:8,buildWhereConditions
FNDA:8,getTableName
FNDA:5,processarEscolaCompleta
FNDA:5,extrairIdentificacao
FNDA:5,extrairLocalizacaoCompleta
FNDA:5,extrairInfraestruturaCompleta
FNDA:5,extrairTecnologiaCompleta
FNDA:5,extrairRecursosHumanosCompleto
FNDA:5,extrairOfertaEducacionalCompleta
FNDA:5,extrairMatriculasCompletas
FNDA:5,extrairDocentesCompletos
FNDA:5,extrairTurmasCompletas
FNDA:5,criarResumoCompletoParaRAG
FNDA:12,mapearTipoDependencia
FNDA:7,mapearCategoriaPrivada
FNDA:12,mapearLocalizacao
FNDA:7,mapearLocalizacaoDiferenciada
FNDA:12,mapearSituacaoFuncionamento
FNDA:5,extrairCaracteristicasPrincipais
FNDA:5,extrairRecursosPedagogicosCompleto
FNDA:5,extrairAcessibilidadeCompleta
FNDA:5,extrairSaneamentoCompleto
FNDA:5,extrairGestaoCompleta
FNDA:7,mapearFonteAgua
FNDA:7,mapearFonteEnergia
FNDA:7,mapearDestinoEsgoto
FNDA:7,mapearDestinoLixo
FNDA:7,mapearTratamentoAgua
FNDA:7,mapearComposicaoConselho
FNDA:7,mapearTipoGestao
FNDA:7,mapearTipoAlimentacao
FNDA:7,mapearTipoTransporte
FNDA:0,runCustomQuery
FNDA:0,getSchemaSummary
FNDA:5,query
FNDA:2,getDadosEscolasFallback
DA:1,2
DA:2,2
DA:3,2
DA:4,2
DA:5,2
DA:6,2
DA:7,2
DA:8,2
DA:9,2
DA:10,2
DA:11,32
DA:12,32
DA:13,32
DA:14,32
DA:15,32
DA:16,2
DA:17,2
DA:18,4
DA:19,4
DA:20,4
DA:21,4
DA:22,1
DA:23,1
DA:24,3
DA:25,3
DA:26,3
DA:27,3
DA:28,3
DA:29,3
DA:30,1
DA:31,1
DA:32,1
DA:33,4
DA:34,3
DA:35,3
DA:36,3
DA:37,4
DA:38,2
DA:39,2
DA:40,5
DA:41,5
DA:42,5
DA:43,5
DA:44,5
DA:45,5
DA:46,5
DA:47,5
DA:48,5
DA:49,5
DA:50,5
DA:51,5
DA:52,5
DA:53,5
DA:54,5
DA:55,5
DA:56,5
DA:57,5
DA:58,5
DA:59,5
DA:60,5
DA:61,5
DA:62,5
DA:63,2
DA:64,2
DA:65,8
DA:66,8
DA:67,8
DA:68,8
DA:69,3
DA:70,3
DA:71,8
DA:72,8
DA:73,8
DA:74,2
DA:75,2
DA:76,8
DA:77,8
DA:78,8
DA:79,1
DA:80,1
DA:81,8
DA:82,8
DA:83,8
DA:84,1
DA:85,1
DA:86,8
DA:87,8
DA:88,8
DA:89,4
DA:90,4
DA:91,4
DA:92,4
DA:93,4
DA:94,4
DA:95,4
DA:96,4
DA:97,4
DA:98,4
DA:99,4
DA:100,4
DA:101,8
DA:102,8
DA:103,8
DA:104,2
DA:105,2
DA:106,8
DA:107,8
DA:108,8
DA:109,8
DA:110,8
DA:111,8
DA:112,8
DA:113,8
DA:114,8
DA:115,8
DA:116,8
DA:117,8
DA:118,8
DA:119,8
DA:120,8
DA:121,8
DA:122,8
DA:123,8
DA:124,8
DA:125,8
DA:126,2
DA:127,2
DA:128,2
DA:129,5
DA:130,5
DA:131,5
DA:132,5
DA:133,5
DA:134,5
DA:135,5
DA:136,5
DA:137,5
DA:138,5
DA:139,5
DA:140,5
DA:141,5
DA:142,5
DA:143,5
DA:144,5
DA:145,5
DA:146,5
DA:147,5
DA:148,5
DA:149,5
DA:150,5
DA:151,2
DA:152,2
DA:153,5
DA:154,5
DA:155,5
DA:156,5
DA:157,5
DA:158,5
DA:159,5
DA:160,5
DA:161,5
DA:162,5
DA:163,5
DA:164,5
DA:165,5
DA:166,5
DA:167,2
DA:168,2
DA:169,5
DA:170,5
DA:171,5
DA:172,5
DA:173,5
DA:174,5
DA:175,5
DA:176,5
DA:177,5
DA:178,5
DA:179,5
DA:180,5
DA:181,5
DA:182,5
DA:183,5
DA:184,5
DA:185,5
DA:186,5
DA:187,5
DA:188,5
DA:189,5
DA:190,5
DA:191,5
DA:192,5
DA:193,5
DA:194,5
DA:195,5
DA:196,5
DA:197,5
DA:198,5
DA:199,2
DA:200,2
DA:201,5
DA:202,5
DA:203,5
DA:204,5
DA:205,5
DA:206,5
DA:207,5
DA:208,5
DA:209,5
DA:210,5
DA:211,5
DA:212,5
DA:213,5
DA:214,5
DA:215,5
DA:216,5
DA:217,5
DA:218,5
DA:219,5
DA:220,5
DA:221,5
DA:222,5
DA:223,5
DA:224,5
DA:225,2
DA:226,2
DA:227,5
DA:228,5
DA:229,5
DA:230,5
DA:231,5
DA:232,5
DA:233,5
DA:234,5
DA:235,5
DA:236,5
DA:237,5
DA:238,5
DA:239,5
DA:240,5
DA:241,5
DA:242,5
DA:243,5
DA:244,5
DA:245,5
DA:246,2
DA:247,2
DA:248,5
DA:249,5
DA:250,5
DA:251,5
DA:252,5
DA:253,5
DA:254,5
DA:255,5
DA:256,5
DA:257,5
DA:258,5
DA:259,5
DA:260,5
DA:261,5
DA:262,5
DA:263,5
DA:264,5
DA:265,5
DA:266,5
DA:267,5
DA:268,5
DA:269,5
DA:270,5
DA:271,5
DA:272,5
DA:273,5
DA:274,5
DA:275,2
DA:276,2
DA:277,5
DA:278,5
DA:279,5
DA:280,5
DA:281,5
DA:282,5
DA:283,5
DA:284,5
DA:285,5
DA:286,5
DA:287,5
DA:288,5
DA:289,5
DA:290,5
DA:291,5
DA:292,5
DA:293,5
DA:294,5
DA:295,5
DA:296,5
DA:297,5
DA:298,5
DA:299,5
DA:300,5
DA:301,2
DA:302,2
DA:303,5
DA:304,5
DA:305,5
DA:306,5
DA:307,5
DA:308,5
DA:309,5
DA:310,5
DA:311,5
DA:312,5
DA:313,5
DA:314,5
DA:315,5
DA:316,5
DA:317,5
DA:318,5
DA:319,5
DA:320,5
DA:321,5
DA:322,5
DA:323,5
DA:324,5
DA:325,5
DA:326,2
DA:327,2
DA:328,5
DA:329,5
DA:330,5
DA:331,5
DA:332,5
DA:333,5
DA:334,5
DA:335,5
DA:336,5
DA:337,5
DA:338,2
DA:339,2
DA:340,5
DA:341,5
DA:342,5
DA:343,5
DA:344,5
DA:345,5
DA:346,5
DA:347,5
DA:348,5
DA:349,5
DA:350,2
DA:351,2
DA:352,5
DA:353,5
DA:354,5
DA:355,5
DA:356,5
DA:357,5
DA:358,5
DA:359,5
DA:360,5
DA:361,5
DA:362,5
DA:363,5
DA:364,5
DA:365,5
DA:366,5
DA:367,5
DA:368,5
DA:369,5
DA:370,5
DA:371,5
DA:372,5
DA:373,5
DA:374,5
DA:375,5
DA:376,5
DA:377,5
DA:378,5
DA:379,5
DA:380,5
DA:381,5
DA:382,5
DA:383,5
DA:384,5
DA:385,5
DA:386,5
DA:387,5
DA:388,5
DA:389,5
DA:390,5
DA:391,5
DA:392,5
DA:393,5
DA:394,5
DA:395,5
DA:396,5
DA:397,5
DA:398,5
DA:399,5
DA:400,5
DA:401,5
DA:402,5
DA:403,5
DA:404,5
DA:405,5
DA:406,5
DA:407,2
DA:408,2
DA:409,2
DA:410,12
DA:411,12
DA:412,12
DA:413,12
DA:414,12
DA:415,2
DA:416,2
DA:417,7
DA:418,7
DA:419,7
DA:420,7
DA:421,7
DA:422,2
DA:423,2
DA:424,12
DA:425,12
DA:426,12
DA:427,12
DA:428,12
DA:429,2
DA:430,2
DA:431,7
DA:432,7
DA:433,7
DA:434,7
DA:435,7
DA:436,2
DA:437,2
DA:438,12
DA:439,12
DA:440,12
DA:441,12
DA:442,12
DA:443,2
DA:444,2
DA:445,5
DA:446,5
DA:447,5
DA:448,5
DA:449,5
DA:450,5
DA:451,5
DA:452,5
DA:453,5
DA:454,5
DA:455,5
DA:456,5
DA:457,5
DA:458,5
DA:459,5
DA:460,5
DA:461,5
DA:462,5
DA:463,5
DA:464,5
DA:465,5
DA:466,5
DA:467,2
DA:468,2
DA:469,5
DA:470,5
DA:471,5
DA:472,5
DA:473,5
DA:474,5
DA:475,5
DA:476,5
DA:477,5
DA:478,5
DA:479,5
DA:480,5
DA:481,5
DA:482,5
DA:483,5
DA:484,5
DA:485,5
DA:486,5
DA:487,5
DA:488,5
DA:489,5
DA:490,5
DA:491,5
DA:492,5
DA:493,5
DA:494,5
DA:495,5
DA:496,5
DA:497,5
DA:498,5
DA:499,5
DA:500,5
DA:501,5
DA:502,2
DA:503,2
DA:504,5
DA:505,5
DA:506,5
DA:507,5
DA:508,5
DA:509,5
DA:510,5
DA:511,5
DA:512,5
DA:513,5
DA:514,5
DA:515,5
DA:516,5
DA:517,5
DA:518,5
DA:519,5
DA:520,5
DA:521,5
DA:522,5
DA:523,5
DA:524,5
DA:525,5
DA:526,5
DA:527,5
DA:528,5
DA:529,5
DA:530,5
DA:531,5
DA:532,5
DA:533,5
DA:534,5
DA:535,5
DA:536,2
DA:537,2
DA:538,5
DA:539,5
DA:540,5
DA:541,5
DA:542,5
DA:543,5
DA:544,5
DA:545,5
DA:546,5
DA:547,5
DA:548,5
DA:549,5
DA:550,5
DA:551,5
DA:552,5
DA:553,5
DA:554,5
DA:555,5
DA:556,5
DA:557,5
DA:558,5
DA:559,5
DA:560,5
DA:561,5
DA:562,5
DA:563,5
DA:564,5
DA:565,5
DA:566,5
DA:567,5
DA:568,5
DA:569,5
DA:570,5
DA:571,5
DA:572,5
DA:573,5
DA:574,5
DA:575,5
DA:576,5
DA:577,5
DA:578,5
DA:579,2
DA:580,2
DA:581,5
DA:582,5
DA:583,5
DA:584,5
DA:585,5
DA:586,5
DA:587,5
DA:588,5
DA:589,5
DA:590,5
DA:591,5
DA:592,5
DA:593,5
DA:594,5
DA:595,5
DA:596,5
DA:597,5
DA:598,5
DA:599,5
DA:600,5
DA:601,5
DA:602,5
DA:603,5
DA:604,5
DA:605,5
DA:606,5
DA:607,5
DA:608,5
DA:609,5
DA:610,2
DA:611,2
DA:612,2
DA:613,7
DA:614,7
DA:615,7
DA:616,7
DA:617,7
DA:618,7
DA:619,7
DA:620,7
DA:621,7
DA:622,2
DA:623,2
DA:624,7
DA:625,7
DA:626,7
DA:627,7
DA:628,7
DA:629,7
DA:630,7
DA:631,7
DA:632,2
DA:633,2
DA:634,7
DA:635,7
DA:636,7
DA:637,7
DA:638,7
DA:639,7
DA:640,7
DA:641,7
DA:642,2
DA:643,2
DA:644,7
DA:645,7
DA:646,7
DA:647,7
DA:648,7
DA:649,7
DA:650,7
DA:651,7
DA:652,7
DA:653,2
DA:654,2
DA:655,7
DA:656,7
DA:657,7
DA:658,7
DA:659,7
DA:660,7
DA:661,7
DA:662,2
DA:663,2
DA:664,7
DA:665,7
DA:666,7
DA:667,7
DA:668,7
DA:669,7
DA:670,7
DA:671,7
DA:672,7
DA:673,2
DA:674,2
DA:675,7
DA:676,7
DA:677,7
DA:678,7
DA:679,7
DA:680,7
DA:681,7
DA:682,7
DA:683,2
DA:684,2
DA:685,7
DA:686,7
DA:687,7
DA:688,7
DA:689,7
DA:690,7
DA:691,7
DA:692,7
DA:693,2
DA:694,2
DA:695,7
DA:696,7
DA:697,7
DA:698,7
DA:699,7
DA:700,7
DA:701,7
DA:702,7
DA:703,2
DA:704,2
DA:705,2
DA:706,2
DA:707,0
DA:708,0
DA:709,0
DA:710,0
DA:711,0
DA:712,0
DA:713,0
DA:714,0
DA:715,0
DA:716,0
DA:717,0
DA:718,0
DA:719,0
DA:720,0
DA:721,0
DA:722,0
DA:723,0
DA:724,0
DA:725,0
DA:726,0
DA:727,0
DA:728,0
DA:729,0
DA:730,2
DA:731,2
DA:732,0
DA:733,0
DA:734,0
DA:735,0
DA:736,0
DA:737,0
DA:738,0
DA:739,0
DA:740,0
DA:741,0
DA:742,0
DA:743,0
DA:744,0
DA:745,0
DA:746,0
DA:747,0
DA:748,0
DA:749,0
DA:750,0
DA:751,0
DA:752,0
DA:753,0
DA:754,0
DA:755,0
DA:756,0
DA:757,0
DA:758,0
DA:759,0
DA:760,0
DA:761,0
DA:762,2
DA:763,2
DA:764,5
DA:765,5
DA:766,5
DA:767,5
DA:768,5
DA:769,5
DA:770,3
DA:771,3
DA:772,3
DA:773,3
DA:774,3
DA:775,3
DA:776,3
DA:777,5
DA:778,2
DA:779,2
DA:780,2
DA:781,2
DA:782,2
DA:783,2
DA:784,2
LF:784
LH:731
BRDA:1,0,0,2
BRDA:10,1,0,32
BRDA:17,2,0,4
BRDA:18,3,0,1
BRDA:21,4,0,1
BRDA:24,5,0,3
BRDA:30,6,0,1
BRDA:33,7,0,3
BRDA:31,8,0,1
BRDA:39,9,0,5
BRDA:41,10,0,3
BRDA:41,11,0,2
BRDA:51,12,0,4
BRDA:45,13,0,975
BRDA:46,14,0,975
BRDA:64,15,0,8
BRDA:68,16,0,3
BRDA:68,17,0,3
BRDA:73,18,0,2
BRDA:78,19,0,1
BRDA:83,20,0,1
BRDA:88,21,0,4
BRDA:105,22,0,8
BRDA:107,23,0,0
BRDA:124,24,0,1
BRDA:128,25,0,5
BRDA:129,26,0,1
BRDA:152,27,0,5
BRDA:168,28,0,5
BRDA:200,29,0,5
BRDA:226,30,0,5
BRDA:247,31,0,5
BRDA:276,32,0,5
BRDA:302,33,0,5
BRDA:304,34,0,3
BRDA:327,35,0,5
BRDA:339,36,0,5
BRDA:351,37,0,5
BRDA:369,38,0,3
BRDA:409,39,0,12
BRDA:413,40,0,1
BRDA:416,41,0,7
BRDA:420,42,0,6
BRDA:423,43,0,12
BRDA:427,44,0,11
BRDA:430,45,0,7
BRDA:434,46,0,6
BRDA:437,47,0,12
BRDA:441,48,0,11
BRDA:444,49,0,5
BRDA:448,50,0,3
BRDA:449,51,0,1
BRDA:450,52,0,1
BRDA:451,53,0,2
BRDA:452,54,0,1
BRDA:455,55,0,1
BRDA:456,56,0,1
BRDA:457,57,0,1
BRDA:458,58,0,1
BRDA:461,59,0,1
BRDA:462,60,0,1
BRDA:463,61,0,1
BRDA:468,62,0,5
BRDA:503,63,0,5
BRDA:537,64,0,5
BRDA:580,65,0,5
BRDA:612,66,0,7
BRDA:620,67,0,6
BRDA:623,68,0,7
BRDA:630,69,0,6
BRDA:633,70,0,7
BRDA:640,71,0,6
BRDA:643,72,0,7
BRDA:651,73,0,6
BRDA:654,74,0,7
BRDA:660,75,0,6
BRDA:663,76,0,7
BRDA:671,77,0,6
BRDA:674,78,0,7
BRDA:681,79,0,6
BRDA:684,80,0,7
BRDA:691,81,0,6
BRDA:694,82,0,7
BRDA:701,83,0,6
BRDA:763,84,0,5
BRDA:770,85,0,3
BRDA:780,86,0,2
BRF:87
BRH:86
end_of_record
